2014/02/09 09:12:26 [error] [exception.CException] exception 'CException' with message 'Alias "bootstrap.widgets.TbButtonGroup" is invalid. Make sure it points to an existing directory or file.' in C:\wamp\www\yii\framework\YiiBase.php:347
Stack trace:
#0 C:\wamp\www\yii\framework\web\CWidgetFactory.php(146): YiiBase::import('bootstrap.widge...', true)
#1 C:\wamp\www\yii\framework\web\CBaseController.php(146): CWidgetFactory->createWidget(Object(SiteController), 'bootstrap.widge...', Array)
#2 C:\wamp\www\yii\framework\web\CBaseController.php(172): CBaseController->createWidget('bootstrap.widge...', Array)
#3 C:\wamp\www\FSbeachAcs\protected\views\site\regis.php(66): CBaseController->widget('bootstrap.widge...', Array)
#4 C:\wamp\www\yii\framework\web\CBaseController.php(126): require('C:\wamp\www\FSb...')
#5 C:\wamp\www\yii\framework\web\CBaseController.php(95): CBaseController->renderInternal('C:\wamp\www\FSb...', Array, true)
#6 C:\wamp\www\yii\framework\web\CController.php(869): CBaseController->renderFile('C:\wamp\www\FSb...', Array, true)
#7 C:\wamp\www\yii\framework\web\CController.php(782): CController->renderPartial('regis', Array, true)
#8 C:\wamp\www\FSbeachAcs\protected\controllers\SiteController.php(125): CController->render('regis', Array)
#9 C:\wamp\www\yii\framework\web\actions\CInlineAction.php(49): SiteController->actionRegister()
#10 C:\wamp\www\yii\framework\web\CController.php(308): CInlineAction->runWithParams(Array)
#11 C:\wamp\www\yii\framework\web\CController.php(286): CController->runAction(Object(CInlineAction))
#12 C:\wamp\www\yii\framework\web\CController.php(265): CController->runActionWithFilters(Object(CInlineAction), Array)
#13 C:\wamp\www\yii\framework\web\CWebApplication.php(282): CController->run('register')
#14 C:\wamp\www\yii\framework\web\CWebApplication.php(141): CWebApplication->runController('site/register')
#15 C:\wamp\www\yii\framework\base\CApplication.php(180): CWebApplication->processRequest()
#16 C:\wamp\www\FSbeachAcs\index.php(13): CApplication->run()
#17 {main}
REQUEST_URI=/FSbeachAcs/index.php?r=site/register
HTTP_REFERER=http://localhost:81/FSbeachAcs/index.php?r=site/login
---
